#
# A fatal error has been detected by the Java Runtime Environment:
#
#  EXCEPTION_ACCESS_VIOLATION (0xc0000005) at pc=0x000000005d1a1470, pid=5924, tid=0x000000000000177c
#
# JRE version: Java(TM) SE Runtime Environment (8.0_101-b13) (build 1.8.0_101-b13)
# Java VM: Java HotSpot(TM) 64-Bit Server VM (25.101-b13 mixed mode windows-amd64 compressed oops)
# Problematic frame:
# V  [jvm.dll+0x4a1470]
#
# Failed to write core dump. Minidumps are not enabled by default on client versions of Windows
#
# If you would like to submit a bug report, please visit:
#   http://bugreport.java.com/bugreport/crash.jsp
#

---------------  T H R E A D  ---------------

Current thread (0x000000001720f000):  JavaThread "C2 CompilerThread0" daemon [_thread_in_native, id=6012, stack(0x0000000018870000,0x0000000018970000)]

siginfo: ExceptionCode=0xc0000005, reading address 0xffffffffffffffff

Registers:
RAX=0x0000000000000000, RBX=0x000000001c61be50, RCX=0x008000005d51ae10, RDX=0x0000000000000000
RSP=0x000000001896bf20, RBP=0x0000000000000002, RSI=0x0000000000000010, RDI=0x000000001896bf70
R8 =0x000000001c61bf90, R9 =0x000000001e00d680, R10=0x000000005cd00000, R11=0x000000001896be40
R12=0x000000005d51ae10, R13=0x000000005cd00000, R14=0x000000001723f478, R15=0x00000000000003d8
RIP=0x000000005d1a1470, EFLAGS=0x0000000000010246

Top of Stack: (sp=0x000000001896bf20)
0x000000001896bf20:   000000001896e6f0 000000001c55ceb0
0x000000001896bf30:   fffffffffffffff8 00000000171d7320
0x000000001896bf40:   0000000000001e32 000000005d19c53f
0x000000001896bf50:   000000001c61bbd0 000000001c61be50
0x000000001896bf60:   0000000000001e32 000000001896c050
0x000000001896bf70:   0000000000000000 0000000000000008
0x000000001896bf80:   008000005d51ae10 0000000000000000
0x000000001896bf90:   000000001c81e270 0000000000000028
0x000000001896bfa0:   000000001c61bf90 000000001896c340
0x000000001896bfb0:   000000001723f0a0 000000001896c340
0x000000001896bfc0:   000000001723f090 000000005d1685d6
0x000000001896bfd0:   000000001896c450 000000001896c0d0
0x000000001896bfe0:   0000000000000000 000000000000000a
0x000000001896bff0:   0000000000000002 000000001723f090
0x000000001896c000:   000000001cedc660 000000001cee0c90
0x000000001896c010:   000000001cee4648 0000000000903b50 

Instructions: (pc=0x000000005d1a1470)
0x000000005d1a1450:   48 8b 4f 20 48 39 04 0e 0f 84 9d 00 00 00 48 8b
0x000000005d1a1460:   0c 0e 33 d2 33 c0 48 89 4f 10 66 0f 1f 44 00 00
0x000000005d1a1470:   83 3c 08 00 0f 85 36 01 00 00 ff c2 48 83 c0 04
0x000000005d1a1480:   83 fa 08 72 eb 48 8b 47 30 48 89 44 24 30 48 85 


Register to memory mapping:

RAX=0x0000000000000000 is an unknown value
RBX=0x000000001c61be50 is an unknown value
RCX=0x008000005d51ae10 is an unknown value
RDX=0x0000000000000000 is an unknown value
RSP=0x000000001896bf20 is pointing into the stack for thread: 0x000000001720f000
RBP=0x0000000000000002 is an unknown value
RSI=0x0000000000000010 is an unknown value
RDI=0x000000001896bf70 is pointing into the stack for thread: 0x000000001720f000
R8 =0x000000001c61bf90 is an unknown value
R9 =0x000000001e00d680 is an unknown value
R10=0x000000005cd00000 is an unknown value
R11=0x000000001896be40 is pointing into the stack for thread: 0x000000001720f000
R12=0x000000005d51ae10 is an unknown value
R13=0x000000005cd00000 is an unknown value
R14=0x000000001723f478 is an unknown value
R15=0x00000000000003d8 is an unknown value


Stack: [0x0000000018870000,0x0000000018970000],  sp=0x000000001896bf20,  free space=1007k
Native frames: (J=compiled Java code, j=interpreted, Vv=VM code, C=native code)
V  [jvm.dll+0x4a1470]
V  [jvm.dll+0x49c53f]
V  [jvm.dll+0x4685d6]
V  [jvm.dll+0x473aab]
V  [jvm.dll+0x476378]
V  [jvm.dll+0x458d82]
V  [jvm.dll+0xa57c2]
V  [jvm.dll+0xa60ff]
V  [jvm.dll+0x2451a4]
V  [jvm.dll+0x29c18a]
C  [msvcr100.dll+0x21d9f]
C  [msvcr100.dll+0x21e3b]
C  [KERNEL32.DLL+0x14034]
C  [ntdll.dll+0x73691]


Current CompileTask:
C2:   4311 2740   !   4       org.codehaus.plexus.interpolation.StringSearchInterpolator::interpolate (655 bytes)


---------------  P R O C E S S  ---------------

Java Threads: ( => current thread )
  0x0000000018b99800 JavaThread "Service Thread" daemon [_thread_blocked, id=14604, stack(0x0000000018f70000,0x0000000019070000)]
  0x0000000017222800 JavaThread "C1 CompilerThread2" daemon [_thread_in_native, id=11308, stack(0x0000000018a70000,0x0000000018b70000)]
  0x0000000017217800 JavaThread "C2 CompilerThread1" daemon [_thread_in_native, id=16492, stack(0x0000000018970000,0x0000000018a70000)]
=>0x000000001720f000 JavaThread "C2 CompilerThread0" daemon [_thread_in_native, id=6012, stack(0x0000000018870000,0x0000000018970000)]
  0x000000001720b000 JavaThread "Attach Listener" daemon [_thread_blocked, id=9280, stack(0x0000000018770000,0x0000000018870000)]
  0x000000001720a000 JavaThread "Signal Dispatcher" daemon [_thread_blocked, id=6560, stack(0x0000000018670000,0x0000000018770000)]
  0x00000000171fa800 JavaThread "Finalizer" daemon [_thread_blocked, id=9376, stack(0x0000000018480000,0x0000000018580000)]
  0x000000000264f800 JavaThread "Reference Handler" daemon [_thread_blocked, id=18076, stack(0x0000000018380000,0x0000000018480000)]
  0x0000000002561000 JavaThread "main" [_thread_in_native, id=17384, stack(0x0000000002400000,0x0000000002500000)]

Other Threads:
  0x00000000171d8800 VMThread [stack: 0x0000000018280000,0x0000000018380000] [id=17272]
  0x0000000018ba0000 WatcherThread [stack: 0x0000000019070000,0x0000000019170000] [id=7720]

VM state:not at safepoint (normal execution)

VM Mutex/Monitor currently owned by a thread: None

Heap:
 PSYoungGen      total 71680K, used 41370K [0x00000000d5980000, 0x00000000da480000, 0x0000000100000000)
  eden space 66560K, 54% used [0x00000000d5980000,0x00000000d7ceea98,0x00000000d9a80000)
  from space 5120K, 99% used [0x00000000d9f80000,0x00000000da478020,0x00000000da480000)
  to   space 5120K, 0% used [0x00000000d9a80000,0x00000000d9a80000,0x00000000d9f80000)
 ParOldGen       total 87552K, used 6947K [0x0000000080c00000, 0x0000000086180000, 0x00000000d5980000)
  object space 87552K, 7% used [0x0000000080c00000,0x00000000812c8e78,0x0000000086180000)
 Metaspace       used 17494K, capacity 17916K, committed 18176K, reserved 1064960K
  class space    used 2061K, capacity 2183K, committed 2304K, reserved 1048576K

Card table byte_map: [0x0000000011a20000,0x0000000011e20000] byte_map_base: 0x000000001161a000

Marking Bits: (ParMarkBitMap*) 0x000000005d51a6d0
 Begin Bits: [0x00000000124d0000, 0x00000000144a0000)
 End Bits:   [0x00000000144a0000, 0x0000000016470000)

Polling page: 0x0000000002350000

CodeCache: size=245760Kb used=10113Kb max_used=10113Kb free=235646Kb
 bounds [0x0000000002660000, 0x0000000003050000, 0x0000000011660000]
 total_blobs=3339 nmethods=2959 adapters=292
 compilation: enabled

Compilation events (10 events):
Event: 4.240 Thread 0x0000000017217800 2925       4       org.apache.maven.model.merge.ModelMerger::mergeConfigurationContainer_Inherited (43 bytes)
Event: 4.242 Thread 0x0000000017222800 2928       1       org.eclipse.sisu.wire.EntryMapAdapter::entrySet (5 bytes)
Event: 4.242 Thread 0x0000000017222800 nmethod 2928 0x0000000002ffbf10 code [0x0000000002ffc060, 0x0000000002ffc170]
Event: 4.242 Thread 0x0000000017222800 2929       1       org.apache.maven.artifact.DefaultArtifact::getVersion (5 bytes)
Event: 4.243 Thread 0x0000000017222800 nmethod 2929 0x0000000003004390 code [0x00000000030044e0, 0x00000000030045f0]
Event: 4.244 Thread 0x0000000017222800 2930       3       org.apache.maven.model.ConfigurationContainer::setConfiguration (6 bytes)
Event: 4.244 Thread 0x0000000017222800 nmethod 2930 0x0000000003004050 code [0x00000000030041a0, 0x0000000003004310]
Event: 4.245 Thread 0x0000000017222800 2931       3       org.eclipse.aether.artifact.DefaultArtifact::<init> (17 bytes)
Event: 4.245 Thread 0x0000000017222800 nmethod 2931 0x0000000003003c90 code [0x0000000003003e00, 0x0000000003003fa8]
Event: 4.245 Thread 0x0000000017222800 2932       3       org.eclipse.aether.artifact.DefaultArtifact::<init> (62 bytes)

GC Heap History (8 events):
Event: 0.962 GC heap before
{Heap before GC invocations=1 (full 0):
 PSYoungGen      total 38400K, used 33280K [0x00000000d5980000, 0x00000000d8400000, 0x0000000100000000)
  eden space 33280K, 100% used [0x00000000d5980000,0x00000000d7a00000,0x00000000d7a00000)
  from space 5120K, 0% used [0x00000000d7f00000,0x00000000d7f00000,0x00000000d8400000)
  to   space 5120K, 0% used [0x00000000d7a00000,0x00000000d7a00000,0x00000000d7f00000)
 ParOldGen       total 87552K, used 0K [0x0000000080c00000, 0x0000000086180000, 0x00000000d5980000)
  object space 87552K, 0% used [0x0000000080c00000,0x0000000080c00000,0x0000000086180000)
 Metaspace       used 7829K, capacity 7984K, committed 8320K, reserved 1056768K
  class space    used 982K, capacity 1048K, committed 1152K, reserved 1048576K
Event: 0.970 GC heap after
Heap after GC invocations=1 (full 0):
 PSYoungGen      total 38400K, used 4707K [0x00000000d5980000, 0x00000000d8400000, 0x0000000100000000)
  eden space 33280K, 0% used [0x00000000d5980000,0x00000000d5980000,0x00000000d7a00000)
  from space 5120K, 91% used [0x00000000d7a00000,0x00000000d7e98f38,0x00000000d7f00000)
  to   space 5120K, 0% used [0x00000000d7f00000,0x00000000d7f00000,0x00000000d8400000)
 ParOldGen       total 87552K, used 16K [0x0000000080c00000, 0x0000000086180000, 0x00000000d5980000)
  object space 87552K, 0% used [0x0000000080c00000,0x0000000080c04000,0x0000000086180000)
 Metaspace       used 7829K, capacity 7984K, committed 8320K, reserved 1056768K
  class space    used 982K, capacity 1048K, committed 1152K, reserved 1048576K
}
Event: 1.615 GC heap before
{Heap before GC invocations=2 (full 0):
 PSYoungGen      total 38400K, used 37987K [0x00000000d5980000, 0x00000000d8400000, 0x0000000100000000)
  eden space 33280K, 100% used [0x00000000d5980000,0x00000000d7a00000,0x00000000d7a00000)
  from space 5120K, 91% used [0x00000000d7a00000,0x00000000d7e98f38,0x00000000d7f00000)
  to   space 5120K, 0% used [0x00000000d7f00000,0x00000000d7f00000,0x00000000d8400000)
 ParOldGen       total 87552K, used 16K [0x0000000080c00000, 0x0000000086180000, 0x00000000d5980000)
  object space 87552K, 0% used [0x0000000080c00000,0x0000000080c04000,0x0000000086180000)
 Metaspace       used 11788K, capacity 12002K, committed 12160K, reserved 1060864K
  class space    used 1492K, capacity 1573K, committed 1664K, reserved 1048576K
Event: 1.625 GC heap after
Heap after GC invocations=2 (full 0):
 PSYoungGen      total 38400K, used 5090K [0x00000000d5980000, 0x00000000da480000, 0x0000000100000000)
  eden space 33280K, 0% used [0x00000000d5980000,0x00000000d5980000,0x00000000d7a00000)
  from space 5120K, 99% used [0x00000000d7f00000,0x00000000d83f8bb8,0x00000000d8400000)
  to   space 5120K, 0% used [0x00000000d7a00000,0x00000000d7a00000,0x00000000d7f00000)
 ParOldGen       total 87552K, used 2232K [0x0000000080c00000, 0x0000000086180000, 0x00000000d5980000)
  object space 87552K, 2% used [0x0000000080c00000,0x0000000080e2e108,0x0000000086180000)
 Metaspace       used 11788K, capacity 12002K, committed 12160K, reserved 1060864K
  class space    used 1492K, capacity 1573K, committed 1664K, reserved 1048576K
}
Event: 2.617 GC heap before
{Heap before GC invocations=3 (full 0):
 PSYoungGen      total 38400K, used 38370K [0x00000000d5980000, 0x00000000da480000, 0x0000000100000000)
  eden space 33280K, 100% used [0x00000000d5980000,0x00000000d7a00000,0x00000000d7a00000)
  from space 5120K, 99% used [0x00000000d7f00000,0x00000000d83f8bb8,0x00000000d8400000)
  to   space 5120K, 0% used [0x00000000d7a00000,0x00000000d7a00000,0x00000000d7f00000)
 ParOldGen       total 87552K, used 2232K [0x0000000080c00000, 0x0000000086180000, 0x00000000d5980000)
  object space 87552K, 2% used [0x0000000080c00000,0x0000000080e2e108,0x0000000086180000)
 Metaspace       used 14782K, capacity 14966K, committed 15232K, reserved 1062912K
  class space    used 1809K, capacity 1907K, committed 1920K, reserved 1048576K
Event: 2.627 GC heap after
Heap after GC invocations=3 (full 0):
 PSYoungGen      total 38400K, used 5088K [0x00000000d5980000, 0x00000000da480000, 0x0000000100000000)
  eden space 33280K, 0% used [0x00000000d5980000,0x00000000d5980000,0x00000000d7a00000)
  from space 5120K, 99% used [0x00000000d7a00000,0x00000000d7ef8020,0x00000000d7f00000)
  to   space 5120K, 0% used [0x00000000d9f80000,0x00000000d9f80000,0x00000000da480000)
 ParOldGen       total 87552K, used 4649K [0x0000000080c00000, 0x0000000086180000, 0x00000000d5980000)
  object space 87552K, 5% used [0x0000000080c00000,0x000000008108a4a8,0x0000000086180000)
 Metaspace       used 14782K, capacity 14966K, committed 15232K, reserved 1062912K
  class space    used 1809K, capacity 1907K, committed 1920K, reserved 1048576K
}
Event: 3.353 GC heap before
{Heap before GC invocations=4 (full 0):
 PSYoungGen      total 38400K, used 38368K [0x00000000d5980000, 0x00000000da480000, 0x0000000100000000)
  eden space 33280K, 100% used [0x00000000d5980000,0x00000000d7a00000,0x00000000d7a00000)
  from space 5120K, 99% used [0x00000000d7a00000,0x00000000d7ef8020,0x00000000d7f00000)
  to   space 5120K, 0% used [0x00000000d9f80000,0x00000000d9f80000,0x00000000da480000)
 ParOldGen       total 87552K, used 4649K [0x0000000080c00000, 0x0000000086180000, 0x00000000d5980000)
  object space 87552K, 5% used [0x0000000080c00000,0x000000008108a4a8,0x0000000086180000)
 Metaspace       used 15661K, capacity 16052K, committed 16384K, reserved 1062912K
  class space    used 1894K, capacity 2012K, committed 2048K, reserved 1048576K
Event: 3.370 GC heap after
Heap after GC invocations=4 (full 0):
 PSYoungGen      total 71680K, used 5088K [0x00000000d5980000, 0x00000000da480000, 0x0000000100000000)
  eden space 66560K, 0% used [0x00000000d5980000,0x00000000d5980000,0x00000000d9a80000)
  from space 5120K, 99% used [0x00000000d9f80000,0x00000000da478020,0x00000000da480000)
  to   space 5120K, 0% used [0x00000000d9a80000,0x00000000d9a80000,0x00000000d9f80000)
 ParOldGen       total 87552K, used 6947K [0x0000000080c00000, 0x0000000086180000, 0x00000000d5980000)
  object space 87552K, 7% used [0x0000000080c00000,0x00000000812c8e78,0x0000000086180000)
 Metaspace       used 15661K, capacity 16052K, committed 16384K, reserved 1062912K
  class space    used 1894K, capacity 2012K, committed 2048K, reserved 1048576K
}

Deoptimization events (10 events):
Event: 3.644 Thread 0x0000000002561000 Uncommon trap: reason=class_check action=maybe_recompile pc=0x0000000002d476f0 method=java.util.regex.Pattern$CharProperty$1.isSatisfiedBy(I)Z @ 5
Event: 3.898 Thread 0x0000000002561000 Uncommon trap: reason=bimorphic action=maybe_recompile pc=0x0000000002cfdc6c method=java.util.regex.Pattern$CharProperty.match(Ljava/util/regex/Matcher;ILjava/lang/CharSequence;)Z @ 37
Event: 3.910 Thread 0x0000000002561000 Uncommon trap: reason=unstable_if action=reinterpret pc=0x0000000002a1bc94 method=java.io.WinNTFileSystem.normalize(Ljava/lang/String;)Ljava/lang/String; @ 128
Event: 3.936 Thread 0x000000001cfc6800 Uncommon trap: reason=predicate action=maybe_recompile pc=0x00000000029f5748 method=java.lang.String.regionMatches(ZILjava/lang/String;II)Z @ 63
Event: 3.972 Thread 0x0000000002561000 Uncommon trap: reason=unstable_if action=reinterpret pc=0x0000000002f3e67c method=org.codehaus.plexus.classworlds.realm.Entry.matches(Ljava/lang/String;)Z @ 20
Event: 3.976 Thread 0x0000000002561000 Uncommon trap: reason=unstable_if action=reinterpret pc=0x0000000002d6fd70 method=java.util.Hashtable$Enumerator.nextElement()Ljava/lang/Object; @ 16
Event: 3.976 Thread 0x0000000002561000 Uncommon trap: reason=unstable_if action=reinterpret pc=0x0000000002d449e0 method=java.util.Hashtable$Enumerator.nextElement()Ljava/lang/Object; @ 16
Event: 4.227 Thread 0x0000000002561000 Uncommon trap: reason=unstable_if action=reinterpret pc=0x0000000002e1d494 method=org.apache.maven.model.ConfigurationContainer.setLocation(Ljava/lang/Object;Lorg/apache/maven/model/InputLocation;)V @ 1
Event: 4.228 Thread 0x0000000002561000 Uncommon trap: reason=unstable_if action=reinterpret pc=0x0000000002e90e78 method=org.apache.maven.model.ConfigurationContainer.clone()Lorg/apache/maven/model/ConfigurationContainer; @ 37
Event: 4.232 Thread 0x0000000002561000 Uncommon trap: reason=unstable_if action=reinterpret pc=0x0000000002f589cc method=org.apache.maven.model.Contributor.clone()Lorg/apache/maven/model/Contributor; @ 65

Internal exceptions (10 events):
Event: 1.884 Thread 0x0000000002561000 Exception <a 'java/lang/NullPointerException'> (0x00000000d623db30) thrown at [C:\re\workspace\8-2-build-windows-amd64-cygwin\jdk8u101\7261\hotspot\src\share\vm\interpreter\linkResolver.cpp, line 1178]
Event: 1.884 Thread 0x0000000002561000 Exception <a 'java/lang/NullPointerException'> (0x00000000d623dd48) thrown at [C:\re\workspace\8-2-build-windows-amd64-cygwin\jdk8u101\7261\hotspot\src\share\vm\interpreter\linkResolver.cpp, line 1178]
Event: 1.885 Thread 0x0000000002561000 Exception <a 'java/lang/NullPointerException'> (0x00000000d623df60) thrown at [C:\re\workspace\8-2-build-windows-amd64-cygwin\jdk8u101\7261\hotspot\src\share\vm\interpreter\linkResolver.cpp, line 1178]
Event: 2.236 Thread 0x0000000002561000 Implicit null exception at 0x0000000002a25655 to 0x0000000002a2582d
Event: 2.236 Thread 0x0000000002561000 Implicit null exception at 0x000000000297a26f to 0x000000000297a2d9
Event: 2.354 Thread 0x0000000002561000 Implicit null exception at 0x0000000002c83599 to 0x0000000002c846f9
Event: 3.548 Thread 0x0000000002561000 Implicit null exception at 0x0000000002edabcb to 0x0000000002edbeb9
Event: 3.933 Thread 0x0000000002561000 Exception <a 'java/lang/NoSuchMethodError': org.apache.maven.execution.MavenExecutionRequest.getFailureBehavior()Ljava/lang/String;> (0x00000000d7381b08) thrown at [C:\re\workspace\8-2-build-windows-amd64-cygwin\jdk8u101\7261\hotspot\src\share\vm\interpret­Ÿ43Ï@
Event: 3.976 Thread 0x0000000002561000 Implicit null exception at 0x0000000002d6fce0 to 0x0000000002d6fd51
Event: 3.976 Thread 0x0000000002561000 Implicit null exception at 0x0000000002d44970 to 0x0000000002d449c1

Events (10 events):
Event: 4.228 Thread 0x0000000002561000 Uncommon trap: trap_request=0xffffff65 fr.pc=0x0000000002e90e78
Event: 4.228 Thread 0x0000000002561000 DEOPT PACKING pc=0x0000000002e90e78 sp=0x00000000024fcf50
Event: 4.228 Thread 0x0000000002561000 DEOPT UNPACKING pc=0x00000000026a582a sp=0x00000000024fcf28 mode 2
Event: 4.228 loading class org/apache/maven/project/ReactorModelCache$CacheKey
Event: 4.228 loading class org/apache/maven/project/ReactorModelCache$CacheKey done
Event: 4.232 Thread 0x0000000002561000 Uncommon trap: trap_request=0xffffff65 fr.pc=0x0000000002f589cc
Event: 4.232 Thread 0x0000000002561000 DEOPT PACKING pc=0x0000000002f589cc sp=0x00000000024fd160
Event: 4.232 Thread 0x0000000002561000 DEOPT UNPACKING pc=0x00000000026a582a sp=0x00000000024fd158 mode 2
Event: 4.241 loading class org/apache/maven/project/ProjectModelResolver$1
Event: 4.241 loading class org/apache/maven/project/ProjectModelResolver$1 done


Dynamic libraries:
0x00007ff7169e0000 - 0x00007ff716a17000 	C:\Program Files\Java\jdk1.8.0_101\bin\javaw.exe
0x00007ffdd3760000 - 0x00007ffdd3941000 	C:\WINDOWS\SYSTEM32\ntdll.dll
0x00007ffdd0d50000 - 0x00007ffdd0e01000 	C:\WINDOWS\System32\KERNEL32.DLL
0x00007ffdd04c0000 - 0x00007ffdd0733000 	C:\WINDOWS\System32\KERNELBASE.dll
0x00007ffdd1e00000 - 0x00007ffdd1ea1000 	C:\WINDOWS\System32\ADVAPI32.dll
0x00007ffdd1a90000 - 0x00007ffdd1b2e000 	C:\WINDOWS\System32\msvcrt.dll
0x00007ffdd1d70000 - 0x00007ffdd1dcb000 	C:\WINDOWS\System32\sechost.dll
0x00007ffdd3460000 - 0x00007ffdd3584000 	C:\WINDOWS\System32\RPCRT4.dll
0x00007ffdd1be0000 - 0x00007ffdd1d70000 	C:\WINDOWS\System32\USER32.dll
0x00007ffdd0bd0000 - 0x00007ffdd0bf0000 	C:\WINDOWS\System32\win32u.dll
0x00007ffdd1170000 - 0x00007ffdd1198000 	C:\WINDOWS\System32\GDI32.dll
0x00007ffdd0740000 - 0x00007ffdd08d1000 	C:\WINDOWS\System32\gdi32full.dll
0x00007ffdcfbb0000 - 0x00007ffdcfc4f000 	C:\WINDOWS\System32\msvcp_win.dll
0x00007ffdd0ad0000 - 0x00007ffdd0bc8000 	C:\WINDOWS\System32\ucrtbase.dll
0x00007ffdbecf0000 - 0x00007ffdbef59000 	C:\WINDOWS\WinSxS\amd64_microsoft.windows.common-controls_6595b64144ccf1df_6.0.17134.829_none_fb46a5473061b9d5\COMCTL32.dll
0x00007ffdd11a0000 - 0x00007ffdd14c2000 	C:\WINDOWS\System32\combase.dll
0x00007ffdcfb30000 - 0x00007ffdcfbaa000 	C:\WINDOWS\System32\bcryptPrimitives.dll
0x00007ffdd1eb0000 - 0x00007ffdd1edd000 	C:\WINDOWS\System32\IMM32.DLL
0x000000005d5a0000 - 0x000000005d672000 	C:\Program Files\Java\jdk1.8.0_101\jre\bin\msvcr100.dll
0x000000005cd00000 - 0x000000005d59a000 	C:\Program Files\Java\jdk1.8.0_101\jre\bin\server\jvm.dll
0x00007ffdd3450000 - 0x00007ffdd3458000 	C:\WINDOWS\System32\PSAPI.DLL
0x00007ffdcdc10000 - 0x00007ffdcdc33000 	C:\WINDOWS\SYSTEM32\WINMM.dll
0x00007ffdcd430000 - 0x00007ffdcd43a000 	C:\WINDOWS\SYSTEM32\VERSION.dll
0x00007ffdcdbe0000 - 0x00007ffdcdc0a000 	C:\WINDOWS\SYSTEM32\winmmbase.dll
0x00007ffdcfc50000 - 0x00007ffdcfc99000 	C:\WINDOWS\System32\cfgmgr32.dll
0x00007ffdc9bc0000 - 0x00007ffdc9bc9000 	C:\WINDOWS\SYSTEM32\WSOCK32.dll
0x00007ffdd0bf0000 - 0x00007ffdd0c5c000 	C:\WINDOWS\System32\ws2_32.DLL
0x000000005ccf0000 - 0x000000005ccff000 	C:\Program Files\Java\jdk1.8.0_101\jre\bin\verify.dll
0x000000005ccc0000 - 0x000000005cce9000 	C:\Program Files\Java\jdk1.8.0_101\jre\bin\java.dll
0x000000005cca0000 - 0x000000005ccb6000 	C:\Program Files\Java\jdk1.8.0_101\jre\bin\zip.dll
0x00007ffdd1ee0000 - 0x00007ffdd3320000 	C:\WINDOWS\System32\SHELL32.dll
0x00007ffdd1b30000 - 0x00007ffdd1bd9000 	C:\WINDOWS\System32\shcore.dll
0x00007ffdcfd50000 - 0x00007ffdd045d000 	C:\WINDOWS\System32\windows.storage.dll
0x00007ffdd15e0000 - 0x00007ffdd1631000 	C:\WINDOWS\System32\shlwapi.dll
0x00007ffdcfaf0000 - 0x00007ffdcfb01000 	C:\WINDOWS\System32\kernel.appcore.dll
0x00007ffdcfb10000 - 0x00007ffdcfb2f000 	C:\WINDOWS\System32\profapi.dll
0x00007ffdcfa90000 - 0x00007ffdcfadc000 	C:\WINDOWS\System32\powrprof.dll
0x00007ffdcfae0000 - 0x00007ffdcfaea000 	C:\WINDOWS\System32\FLTLIB.DLL
0x000000005cc80000 - 0x000000005cc9a000 	C:\Program Files\Java\jdk1.8.0_101\jre\bin\net.dll
0x00007ffdcef90000 - 0x00007ffdceff6000 	C:\WINDOWS\system32\mswsock.dll
0x000000005cc60000 - 0x000000005cc71000 	C:\Program Files\Java\jdk1.8.0_101\jre\bin\nio.dll
0x000000005cc50000 - 0x000000005cc5d000 	C:\Program Files\Java\jdk1.8.0_101\jre\bin\management.dll
0x00007ffda94c0000 - 0x00007ffda94d6000 	C:\WINDOWS\system32\napinsp.dll
0x00007ffda8b00000 - 0x00007ffda8b1a000 	C:\WINDOWS\system32\pnrpnsp.dll
0x00007ffdc9b40000 - 0x00007ffdc9b59000 	C:\WINDOWS\system32\NLAapi.dll
0x00007ffdced60000 - 0x00007ffdcee1e000 	C:\WINDOWS\SYSTEM32\DNSAPI.dll
0x00007ffdd14d0000 - 0x00007ffdd14d8000 	C:\WINDOWS\System32\NSI.dll
0x00007ffdced20000 - 0x00007ffdced58000 	C:\WINDOWS\SYSTEM32\IPHLPAPI.DLL
0x00007ffdc97b0000 - 0x00007ffdc97be000 	C:\WINDOWS\System32\winrnr.dll
0x00007ffdc26f0000 - 0x00007ffdc2705000 	C:\WINDOWS\System32\wshbth.dll
0x00007ffdc1630000 - 0x00007ffdc1647000 	C:\WINDOWS\system32\sslsp106.dll
0x00007ffdd08e0000 - 0x00007ffdd0ac2000 	C:\WINDOWS\System32\CRYPT32.dll
0x00007ffdcfa70000 - 0x00007ffdcfa82000 	C:\WINDOWS\System32\MSASN1.dll
0x00007ffdc1e30000 - 0x00007ffdc1e3a000 	C:\Windows\System32\rasadhlp.dll
0x00007ffdc30d0000 - 0x00007ffdc3142000 	C:\WINDOWS\System32\fwpuclnt.dll
0x00007ffdcf590000 - 0x00007ffdcf5b5000 	C:\WINDOWS\SYSTEM32\bcrypt.dll
0x00007ffdcf5c0000 - 0x00007ffdcf5d7000 	C:\WINDOWS\SYSTEM32\CRYPTSP.dll
0x00007ffdceb80000 - 0x00007ffdcebb3000 	C:\WINDOWS\system32\rsaenh.dll
0x00007ffdcf970000 - 0x00007ffdcf998000 	C:\WINDOWS\SYSTEM32\USERENV.dll
0x00007ffdcf140000 - 0x00007ffdcf14b000 	C:\WINDOWS\SYSTEM32\CRYPTBASE.dll
0x00007ffdc2df0000 - 0x00007ffdc2e06000 	C:\WINDOWS\SYSTEM32\dhcpcsvc6.DLL
0x00007ffdc2dd0000 - 0x00007ffdc2dea000 	C:\WINDOWS\SYSTEM32\dhcpcsvc.DLL
0x00007ffdcf5e0000 - 0x00007ffdcf7a9000 	C:\WINDOWS\SYSTEM32\dbghelp.dll

VM Arguments:
jvm_args: -Dmaven.home=EMBEDDED -Dclassworlds.conf=C:\Users\hp\eclipse-workspace\.metadata\.plugins\org.eclipse.m2e.launching\launches\m2conf1916738764265170978.tmp -Dmaven.multiModuleProjectDirectory=C:\Users\hp\eclipse-workspace\restapi -Dfile.encoding=Cp1252 
java_command: org.codehaus.plexus.classworlds.launcher.Launcher -B test
java_class_path (initial): /C:/Users/hp/Downloads/Compressed/eclipse/plugins/org.eclipse.m2e.maven.runtime_1.8.0.20170516-2042/jars/plexus-classworlds-2.5.2.jar
Launcher Type: SUN_STANDARD

Environment Variables:
JAVA_HOME=C:\Program Files\Java\jdk1.8.0_101
PATH=C:/Program Files/Java/jre1.8.0_211/bin/server;C:/Program Files/Java/jre1.8.0_211/bin;C:/Program Files/Java/jre1.8.0_211/lib/amd64;C:\Program Files (x86)\Common Files\Oracle\Java\javapath;C:\ProgramData\Oracle\Java\javapath;C:\WINDOWS\system32;C:\WINDOWS;C:\WINDOWS\System32\Wbem;C:\WINDOWS\System32\WindowsPowerShell\v1.0\;C:\Program Files (x86)\ATI Technologies\ATI.ACE\Core-Static;C:\WINDOWS\System32\OpenSSH\;C:\Program Files\SourceGear\Common\DiffMerge\;C:\Program Files\nodejs\;D:\Bhargavi\Selenium Jars\apache-maven-3.6.1\bin;C:\Program Files\Java\jdk1.8.0_101\bin;C:\Program Files\PuTTY\;C:\Users\hp\AppData\Local\Microsoft\WindowsApps;C:\Program Files (x86)\Sikuli X\libs;bin;C:\Program Files\Java\jre1.8.0_171\bin;C:\Users\hp\AppData\Roaming\npm;C:\Users\hp\AppData\Local\GitHubDesktop\bin;C:\Users\hp\Downloads\Compressed\eclipse;
USERNAME=hp
OS=Windows_NT
PROCESSOR_IDENTIFIER=Intel64 Family 6 Model 42 Stepping 7, GenuineIntel



---------------  S Y S T E M  ---------------

OS: Windows 10.0 , 64 bit Build 17134 (10.0.17134.753)

CPU:total 4 (2 cores per cpu, 2 threads per core) family 6 model 42 stepping 7, cmov, cx8, fxsr, mmx, sse, sse2, sse3, ssse3, sse4.1, sse4.2, popcnt, avx, aes, clmul, ht, tsc, tscinvbit

Memory: 4k page, physical 8335212k(2611832k free), swap 12403540k(2727472k free)

vm_info: Java HotSpot(TM) 64-Bit Server VM (25.101-b13) for windows-amd64 JRE (1.8.0_101-b13), built on Jun 22 2016 01:21:29 by "java_re" with MS VC++ 10.0 (VS2010)

time: Wed Jul 10 16:16:12 2019
elapsed time: 4 seconds (0d 0h 0m 4s)

